2023-08-03 14:38:03 [scrapy.utils.log] INFO: Scrapy 2.9.0 started (bot: search_gov_spiders)
2023-08-03 14:38:03 [scrapy.utils.log] INFO: Versions: lxml 4.9.2.0, libxml2 2.9.13, cssselect 1.2.0, parsel 1.8.1, w3lib 2.1.1, Twisted 22.10.0, Python 3.11.4 (main, Jun 20 2023, 17:23:00) [Clang 14.0.3 (clang-1403.0.22.14.1)], pyOpenSSL 23.2.0 (OpenSSL 3.1.1 30 May 2023), cryptography 41.0.1, Platform macOS-13.0.1-arm64-arm-64bit
2023-08-03 14:38:03 [scrapy.crawler] INFO: Overridden settings:
{'AUTOTHROTTLE_ENABLED': True,
 'AUTOTHROTTLE_MAX_DELAY': 5,
 'BOT_NAME': 'search_gov_spiders',
 'DOWNLOAD_DELAY': 0.2,
 'FEED_EXPORT_ENCODING': 'utf-8',
 'HTTPCACHE_ENABLED': True,
 'LOG_FILE': 'logs/search_gov_spiders/james_webb_spider/e05e6f4e322c11eebbbc2a1e15f10645.log',
 'NEWSPIDER_MODULE': 'search_gov_spiders.spiders',
 'REQUEST_FINGERPRINTER_IMPLEMENTATION': '2.7',
 'ROBOTSTXT_OBEY': True,
 'SPIDER_MODULES': ['search_gov_spiders.spiders'],
 'TWISTED_REACTOR': 'twisted.internet.asyncioreactor.AsyncioSelectorReactor'}
2023-08-03 14:38:03 [asyncio] DEBUG: Using selector: KqueueSelector
2023-08-03 14:38:03 [scrapy.utils.log] DEBUG: Using reactor: twisted.internet.asyncioreactor.AsyncioSelectorReactor
2023-08-03 14:38:03 [scrapy.utils.log] DEBUG: Using asyncio event loop: asyncio.unix_events._UnixSelectorEventLoop
2023-08-03 14:38:03 [scrapy.extensions.telnet] INFO: Telnet Password: d3a36b0d3d542f43
2023-08-03 14:38:03 [scrapy.middleware] INFO: Enabled extensions:
['scrapy.extensions.corestats.CoreStats',
 'scrapy.extensions.telnet.TelnetConsole',
 'scrapy.extensions.memusage.MemoryUsage',
 'scrapy.extensions.feedexport.FeedExporter',
 'scrapy.extensions.logstats.LogStats',
 'scrapy.extensions.throttle.AutoThrottle']
2023-08-03 14:38:03 [scrapy.middleware] INFO: Enabled downloader middlewares:
['scrapy.downloadermiddlewares.robotstxt.RobotsTxtMiddleware',
 'scrapy.downloadermiddlewares.httpauth.HttpAuthMiddleware',
 'scrapy.downloadermiddlewares.downloadtimeout.DownloadTimeoutMiddleware',
 'scrapy.downloadermiddlewares.defaultheaders.DefaultHeadersMiddleware',
 'scrapy.downloadermiddlewares.useragent.UserAgentMiddleware',
 'scrapy.downloadermiddlewares.retry.RetryMiddleware',
 'scrapy.downloadermiddlewares.redirect.MetaRefreshMiddleware',
 'scrapy.downloadermiddlewares.httpcompression.HttpCompressionMiddleware',
 'scrapy.downloadermiddlewares.redirect.RedirectMiddleware',
 'scrapy.downloadermiddlewares.cookies.CookiesMiddleware',
 'scrapy.downloadermiddlewares.httpproxy.HttpProxyMiddleware',
 'scrapy.downloadermiddlewares.stats.DownloaderStats',
 'scrapy.downloadermiddlewares.httpcache.HttpCacheMiddleware']
2023-08-03 14:38:03 [scrapy.middleware] INFO: Enabled spider middlewares:
['scrapy.spidermiddlewares.httperror.HttpErrorMiddleware',
 'scrapy.spidermiddlewares.offsite.OffsiteMiddleware',
 'scrapy.spidermiddlewares.referer.RefererMiddleware',
 'scrapy.spidermiddlewares.urllength.UrlLengthMiddleware',
 'scrapy.spidermiddlewares.depth.DepthMiddleware']
2023-08-03 14:38:03 [scrapy.middleware] INFO: Enabled item pipelines:
[]
2023-08-03 14:38:03 [scrapy.core.engine] INFO: Spider opened
2023-08-03 14:38:03 [scrapy.extensions.logstats] INFO: Crawled 0 pages (at 0 pages/min), scraped 0 items (at 0 items/min)
2023-08-03 14:38:03 [scrapy.extensions.httpcache] DEBUG: Using filesystem cache storage in /Users/davidyao/Coding/gsa/search-gov-indexing-spider/scrapy_vs_scrutiny/search_gov_spiders/.scrapy/httpcache
2023-08-03 14:38:03 [scrapy.extensions.telnet] INFO: Telnet console listening on 127.0.0.1:6023
2023-08-03 14:38:03 [scrapy.core.engine] DEBUG: Crawled (200) <GET https://www.jwst.nasa.gov/robots.txt> (referer: None) ['cached']
2023-08-03 14:38:03 [scrapy.core.engine] DEBUG: Crawled (200) <GET https://www.jwst.nasa.gov/> (referer: None) ['cached']
2023-08-03 14:38:03 [scrapy.core.engine] DEBUG: Crawled (200) <GET https://www.jwst.nasa.gov/#contentTop> (referer: https://www.jwst.nasa.gov/) ['cached']
2023-08-03 14:38:03 [scrapy.core.engine] DEBUG: Crawled (200) <GET https://www.jwst.nasa.gov/index.html> (referer: https://www.jwst.nasa.gov/) ['cached']
2023-08-03 14:38:03 [scrapy.spidermiddlewares.offsite] DEBUG: Filtered offsite request to 'www.gsfc.nasa.gov': <GET http://www.gsfc.nasa.gov>
2023-08-03 14:38:03 [scrapy.spidermiddlewares.offsite] DEBUG: Filtered offsite request to 'www.addtoany.com': <GET https://www.addtoany.com/share>
2023-08-03 14:38:03 [scrapy.dupefilters] DEBUG: Filtered duplicate request: <GET https://www.jwst.nasa.gov/> - no more duplicates will be shown (see DUPEFILTER_DEBUG to show all duplicates)
2023-08-03 14:38:03 [scrapy.spidermiddlewares.offsite] DEBUG: Filtered offsite request to 'nasa.gov': <GET https://nasa.gov/webb/>
2023-08-03 14:38:03 [scrapy.spidermiddlewares.offsite] DEBUG: Filtered offsite request to 'webbtelescope.org': <GET https://webbtelescope.org>
2023-08-03 14:38:03 [scrapy.downloadermiddlewares.redirect] DEBUG: Redirecting (302) to <GET http://www.jwst.nasa.gov/content/meetTheTeam/team.html> from <GET https://www.jwst.nasa.gov/team.html>
2023-08-03 14:38:03 [scrapy.downloadermiddlewares.redirect] DEBUG: Redirecting (301) to <GET https://www.jwst.nasa.gov/content/meetTheTeam/team.html> from <GET http://www.jwst.nasa.gov/content/meetTheTeam/team.html>
2023-08-03 14:38:03 [scrapy.core.engine] DEBUG: Crawled (200) <GET https://www.jwst.nasa.gov/content/meetTheTeam/team.html> (referer: None) ['cached']
2023-08-03 14:38:03 [scrapy.core.engine] DEBUG: Crawled (200) <GET https://www.jwst.nasa.gov/content/webbLaunch/needToKnow.html#aboutWebbImages> (referer: https://www.jwst.nasa.gov/) ['cached']
2023-08-03 14:38:03 [scrapy.spidermiddlewares.offsite] DEBUG: Filtered offsite request to 'www.flickr.com': <GET https://www.flickr.com/photos/nasawebbtelescope/albums/72177720305127361>
2023-08-03 14:38:03 [scrapy.core.engine] DEBUG: Crawled (200) <GET https://www.jwst.nasa.gov/content/webbLaunch/news.html> (referer: https://www.jwst.nasa.gov/) ['cached']
2023-08-03 14:38:03 [scrapy.core.engine] DEBUG: Crawled (200) <GET https://www.jwst.nasa.gov/content/webbLaunch/deploymentExplorer.html#0> (referer: https://www.jwst.nasa.gov/) ['cached']
2023-08-03 14:38:03 [scrapy.core.engine] DEBUG: Crawled (200) <GET https://www.jwst.nasa.gov/content/webbLaunch/whereIsWebb.html> (referer: https://www.jwst.nasa.gov/) ['cached']
2023-08-03 14:38:03 [scrapy.core.engine] DEBUG: Crawled (200) <GET https://www.jwst.nasa.gov/content/news/index.html> (referer: https://www.jwst.nasa.gov/) ['cached']
2023-08-03 14:38:03 [scrapy.core.engine] DEBUG: Crawled (200) <GET https://www.jwst.nasa.gov/content/about/index.html> (referer: https://www.jwst.nasa.gov/) ['cached']
2023-08-03 14:38:03 [scrapy.core.engine] DEBUG: Crawled (200) <GET https://www.jwst.nasa.gov/content/about/faqs/facts.html> (referer: https://www.jwst.nasa.gov/) ['cached']
2023-08-03 14:38:03 [scrapy.core.engine] DEBUG: Crawled (200) <GET https://www.jwst.nasa.gov/content/about/faqs/whoIsJamesWebb.html> (referer: https://www.jwst.nasa.gov/) ['cached']
2023-08-03 14:38:03 [scrapy.core.engine] DEBUG: Crawled (200) <GET https://www.jwst.nasa.gov/content/about/faqs/faqLite.html> (referer: https://www.jwst.nasa.gov/) ['cached']
2023-08-03 14:38:03 [scrapy.core.engine] DEBUG: Crawled (200) <GET https://www.jwst.nasa.gov/content/about/faqs/faq.html> (referer: https://www.jwst.nasa.gov/) ['cached']
2023-08-03 14:38:03 [scrapy.core.engine] DEBUG: Crawled (200) <GET https://www.jwst.nasa.gov/content/about/launch.html> (referer: https://www.jwst.nasa.gov/) ['cached']
2023-08-03 14:38:03 [scrapy.core.engine] DEBUG: Crawled (200) <GET https://www.jwst.nasa.gov/content/about/orbit.html> (referer: https://www.jwst.nasa.gov/) ['cached']
2023-08-03 14:38:03 [scrapy.core.engine] DEBUG: Crawled (200) <GET https://www.jwst.nasa.gov/content/about/comparisonWebbVsHubble.html> (referer: https://www.jwst.nasa.gov/) ['cached']
2023-08-03 14:38:03 [scrapy.core.engine] DEBUG: Crawled (200) <GET https://www.jwst.nasa.gov/content/about/innovations/index.html> (referer: https://www.jwst.nasa.gov/) ['cached']
2023-08-03 14:38:03 [scrapy.core.engine] DEBUG: Crawled (200) <GET https://www.jwst.nasa.gov/content/about/innovations/microshutters.html> (referer: https://www.jwst.nasa.gov/) ['cached']
2023-08-03 14:38:03 [scrapy.core.engine] DEBUG: Crawled (200) <GET https://www.jwst.nasa.gov/content/observatory/ote/backplane.html> (referer: https://www.jwst.nasa.gov/) ['cached']
2023-08-03 14:38:03 [scrapy.core.engine] DEBUG: Crawled (200) <GET https://www.jwst.nasa.gov/content/observatory/ote/mirrors/index.html> (referer: https://www.jwst.nasa.gov/) ['cached']
2023-08-03 14:38:03 [scrapy.core.engine] DEBUG: Crawled (200) <GET https://www.jwst.nasa.gov/content/about/innovations/wavefront.html> (referer: https://www.jwst.nasa.gov/) ['cached']
2023-08-03 14:38:03 [scrapy.core.engine] DEBUG: Crawled (200) <GET https://www.jwst.nasa.gov/content/about/innovations/infrared.html> (referer: https://www.jwst.nasa.gov/) ['cached']
2023-08-03 14:38:03 [scrapy.core.engine] DEBUG: Crawled (200) <GET https://www.jwst.nasa.gov/content/about/innovations/circuit.html> (referer: https://www.jwst.nasa.gov/) ['cached']
2023-08-03 14:38:03 [scrapy.core.engine] DEBUG: Crawled (200) <GET https://www.jwst.nasa.gov/content/about/innovations/coating.html> (referer: https://www.jwst.nasa.gov/) ['cached']
2023-08-03 14:38:03 [scrapy.core.engine] DEBUG: Crawled (200) <GET https://www.jwst.nasa.gov/content/about/innovations/cryocooler.html> (referer: https://www.jwst.nasa.gov/) ['cached']
2023-08-03 14:38:03 [scrapy.core.engine] DEBUG: Crawled (200) <GET https://www.jwst.nasa.gov/content/science/index.html> (referer: https://www.jwst.nasa.gov/) ['cached']
2023-08-03 14:38:03 [scrapy.core.engine] DEBUG: Crawled (200) <GET https://www.jwst.nasa.gov/content/science/firstLight.html> (referer: https://www.jwst.nasa.gov/) ['cached']
2023-08-03 14:38:03 [scrapy.core.engine] DEBUG: Crawled (200) <GET https://www.jwst.nasa.gov/content/science/galaxies.html> (referer: https://www.jwst.nasa.gov/) ['cached']
2023-08-03 14:38:03 [scrapy.core.engine] DEBUG: Crawled (200) <GET https://www.jwst.nasa.gov/content/science/birth.html> (referer: https://www.jwst.nasa.gov/) ['cached']
2023-08-03 14:38:03 [scrapy.core.engine] DEBUG: Crawled (200) <GET https://www.jwst.nasa.gov/content/science/origins.html> (referer: https://www.jwst.nasa.gov/) ['cached']
2023-08-03 14:38:03 [scrapy.core.engine] DEBUG: Crawled (200) <GET https://www.jwst.nasa.gov/content/observatory/index.html> (referer: https://www.jwst.nasa.gov/) ['cached']
2023-08-03 14:38:03 [scrapy.core.engine] DEBUG: Crawled (200) <GET https://www.jwst.nasa.gov/content/observatory/ote/index.html> (referer: https://www.jwst.nasa.gov/) ['cached']
2023-08-03 14:38:03 [scrapy.spidermiddlewares.offsite] DEBUG: Filtered offsite request to 'www.lindau-repository.org': <GET http://www.lindau-repository.org/nobellabs360/gb_johnmather/index.html>
2023-08-03 14:38:03 [scrapy.spidermiddlewares.offsite] DEBUG: Filtered offsite request to 'store.steampowered.com': <GET https://store.steampowered.com/app/891960/WebbVR_The_James_Webb_Space_Telescope_Virtual_Experience/>
2023-08-03 14:38:03 [scrapy.spidermiddlewares.offsite] DEBUG: Filtered offsite request to 'svs.gsfc.nasa.gov': <GET https://svs.gsfc.nasa.gov/nasaviz/index.html>
2023-08-03 14:38:04 [scrapy.spidermiddlewares.offsite] DEBUG: Filtered offsite request to 'twitter.com': <GET http://twitter.com/NASAWebb>
2023-08-03 14:38:04 [scrapy.spidermiddlewares.offsite] DEBUG: Filtered offsite request to 'www.facebook.com': <GET http://www.facebook.com/nasawebb>
2023-08-03 14:38:04 [scrapy.spidermiddlewares.offsite] DEBUG: Filtered offsite request to 'www.youtube.com': <GET http://www.youtube.com/user/NASAWebbTelescope>
2023-08-03 14:38:04 [scrapy.spidermiddlewares.offsite] DEBUG: Filtered offsite request to 'instagram.com': <GET http://instagram.com/nasawebb>
2023-08-03 14:38:04 [scrapy.spidermiddlewares.offsite] DEBUG: Filtered offsite request to 'www.nasa.gov': <GET https://www.nasa.gov/webb/>
2023-08-03 14:38:04 [scrapy.spidermiddlewares.offsite] DEBUG: Filtered offsite request to 'esahubble.org': <GET https://esahubble.org/images/heic0810bk/>
2023-08-03 14:38:04 [scrapy.spidermiddlewares.offsite] DEBUG: Filtered offsite request to 'esawebb.org': <GET https://esawebb.org/images/potm2211a/>
2023-08-03 14:38:04 [scrapy.spidermiddlewares.offsite] DEBUG: Filtered offsite request to 'blogs.nasa.gov': <GET https://blogs.nasa.gov/webb/>
2023-08-03 14:38:04 [scrapy.spidermiddlewares.offsite] DEBUG: Filtered offsite request to 'www.esa.int': <GET http://www.esa.int/ESA>
2023-08-03 14:38:04 [scrapy.spidermiddlewares.offsite] DEBUG: Filtered offsite request to 'www.asc-csa.gc.ca': <GET http://www.asc-csa.gc.ca/>
2023-08-03 14:38:04 [scrapy.core.scraper] DEBUG: Scraped from <200 https://www.jwst.nasa.gov/>
{'Link': 'https://www.jwst.nasa.gov/'}
2023-08-03 14:38:04 [scrapy.core.scraper] DEBUG: Scraped from <200 https://www.jwst.nasa.gov/index.html>
{'Link': 'https://www.jwst.nasa.gov/index.html'}
2023-08-03 14:38:04 [scrapy.core.scraper] DEBUG: Scraped from <200 https://www.jwst.nasa.gov/content/meetTheTeam/team.html>
{'Link': 'https://www.jwst.nasa.gov/content/meetTheTeam/team.html'}
2023-08-03 14:38:04 [scrapy.core.scraper] DEBUG: Scraped from <200 https://www.jwst.nasa.gov/content/webbLaunch/needToKnow.html>
{'Link': 'https://www.jwst.nasa.gov/content/webbLaunch/needToKnow.html'}
2023-08-03 14:38:04 [scrapy.core.scraper] DEBUG: Scraped from <200 https://www.jwst.nasa.gov/content/webbLaunch/news.html>
{'Link': 'https://www.jwst.nasa.gov/content/webbLaunch/news.html'}
2023-08-03 14:38:04 [scrapy.core.scraper] DEBUG: Scraped from <200 https://www.jwst.nasa.gov/content/webbLaunch/deploymentExplorer.html>
{'Link': 'https://www.jwst.nasa.gov/content/webbLaunch/deploymentExplorer.html'}
2023-08-03 14:38:04 [scrapy.core.scraper] DEBUG: Scraped from <200 https://www.jwst.nasa.gov/content/webbLaunch/whereIsWebb.html>
{'Link': 'https://www.jwst.nasa.gov/content/webbLaunch/whereIsWebb.html'}
2023-08-03 14:38:04 [scrapy.core.scraper] DEBUG: Scraped from <200 https://www.jwst.nasa.gov/content/news/index.html>
{'Link': 'https://www.jwst.nasa.gov/content/news/index.html'}
2023-08-03 14:38:04 [scrapy.core.scraper] DEBUG: Scraped from <200 https://www.jwst.nasa.gov/content/about/index.html>
{'Link': 'https://www.jwst.nasa.gov/content/about/index.html'}
2023-08-03 14:38:04 [scrapy.core.scraper] DEBUG: Scraped from <200 https://www.jwst.nasa.gov/content/about/faqs/facts.html>
{'Link': 'https://www.jwst.nasa.gov/content/about/faqs/facts.html'}
2023-08-03 14:38:04 [scrapy.core.scraper] DEBUG: Scraped from <200 https://www.jwst.nasa.gov/content/about/faqs/whoIsJamesWebb.html>
{'Link': 'https://www.jwst.nasa.gov/content/about/faqs/whoIsJamesWebb.html'}
2023-08-03 14:38:04 [scrapy.core.scraper] DEBUG: Scraped from <200 https://www.jwst.nasa.gov/content/about/faqs/faqLite.html>
{'Link': 'https://www.jwst.nasa.gov/content/about/faqs/faqLite.html'}
2023-08-03 14:38:04 [scrapy.core.scraper] DEBUG: Scraped from <200 https://www.jwst.nasa.gov/content/about/faqs/faq.html>
{'Link': 'https://www.jwst.nasa.gov/content/about/faqs/faq.html'}
2023-08-03 14:38:04 [scrapy.core.scraper] DEBUG: Scraped from <200 https://www.jwst.nasa.gov/content/about/launch.html>
{'Link': 'https://www.jwst.nasa.gov/content/about/launch.html'}
2023-08-03 14:38:04 [scrapy.core.scraper] DEBUG: Scraped from <200 https://www.jwst.nasa.gov/content/about/orbit.html>
{'Link': 'https://www.jwst.nasa.gov/content/about/orbit.html'}
2023-08-03 14:38:04 [scrapy.core.scraper] DEBUG: Scraped from <200 https://www.jwst.nasa.gov/content/about/comparisonWebbVsHubble.html>
{'Link': 'https://www.jwst.nasa.gov/content/about/comparisonWebbVsHubble.html'}
2023-08-03 14:38:04 [scrapy.core.scraper] DEBUG: Scraped from <200 https://www.jwst.nasa.gov/content/about/innovations/index.html>
{'Link': 'https://www.jwst.nasa.gov/content/about/innovations/index.html'}
2023-08-03 14:38:04 [scrapy.core.scraper] DEBUG: Scraped from <200 https://www.jwst.nasa.gov/content/about/innovations/microshutters.html>
{'Link': 'https://www.jwst.nasa.gov/content/about/innovations/microshutters.html'}
2023-08-03 14:38:04 [scrapy.core.scraper] DEBUG: Scraped from <200 https://www.jwst.nasa.gov/content/observatory/ote/backplane.html>
{'Link': 'https://www.jwst.nasa.gov/content/observatory/ote/backplane.html'}
2023-08-03 14:38:04 [scrapy.core.scraper] DEBUG: Scraped from <200 https://www.jwst.nasa.gov/content/observatory/ote/mirrors/index.html>
{'Link': 'https://www.jwst.nasa.gov/content/observatory/ote/mirrors/index.html'}
2023-08-03 14:38:04 [scrapy.core.scraper] DEBUG: Scraped from <200 https://www.jwst.nasa.gov/content/about/innovations/wavefront.html>
{'Link': 'https://www.jwst.nasa.gov/content/about/innovations/wavefront.html'}
2023-08-03 14:38:04 [scrapy.core.scraper] DEBUG: Scraped from <200 https://www.jwst.nasa.gov/content/about/innovations/infrared.html>
{'Link': 'https://www.jwst.nasa.gov/content/about/innovations/infrared.html'}
2023-08-03 14:38:04 [scrapy.core.scraper] DEBUG: Scraped from <200 https://www.jwst.nasa.gov/content/about/innovations/circuit.html>
{'Link': 'https://www.jwst.nasa.gov/content/about/innovations/circuit.html'}
2023-08-03 14:38:04 [scrapy.core.scraper] DEBUG: Scraped from <200 https://www.jwst.nasa.gov/content/about/innovations/coating.html>
{'Link': 'https://www.jwst.nasa.gov/content/about/innovations/coating.html'}
2023-08-03 14:38:04 [scrapy.core.scraper] DEBUG: Scraped from <200 https://www.jwst.nasa.gov/content/about/innovations/cryocooler.html>
{'Link': 'https://www.jwst.nasa.gov/content/about/innovations/cryocooler.html'}
2023-08-03 14:38:04 [scrapy.core.scraper] DEBUG: Scraped from <200 https://www.jwst.nasa.gov/content/science/index.html>
{'Link': 'https://www.jwst.nasa.gov/content/science/index.html'}
2023-08-03 14:38:04 [scrapy.core.scraper] DEBUG: Scraped from <200 https://www.jwst.nasa.gov/content/science/firstLight.html>
{'Link': 'https://www.jwst.nasa.gov/content/science/firstLight.html'}
2023-08-03 14:38:04 [scrapy.core.scraper] DEBUG: Scraped from <200 https://www.jwst.nasa.gov/content/science/galaxies.html>
{'Link': 'https://www.jwst.nasa.gov/content/science/galaxies.html'}
2023-08-03 14:38:04 [scrapy.core.scraper] DEBUG: Scraped from <200 https://www.jwst.nasa.gov/content/science/birth.html>
{'Link': 'https://www.jwst.nasa.gov/content/science/birth.html'}
2023-08-03 14:38:04 [scrapy.core.scraper] DEBUG: Scraped from <200 https://www.jwst.nasa.gov/content/science/origins.html>
{'Link': 'https://www.jwst.nasa.gov/content/science/origins.html'}
2023-08-03 14:38:04 [scrapy.core.scraper] DEBUG: Scraped from <200 https://www.jwst.nasa.gov/content/observatory/index.html>
{'Link': 'https://www.jwst.nasa.gov/content/observatory/index.html'}
2023-08-03 14:38:04 [scrapy.core.scraper] DEBUG: Scraped from <200 https://www.jwst.nasa.gov/content/observatory/ote/index.html>
{'Link': 'https://www.jwst.nasa.gov/content/observatory/ote/index.html'}
2023-08-03 14:38:04 [scrapy.core.engine] DEBUG: Crawled (200) <GET https://www.jwst.nasa.gov/content/observatory/instruments/index.html> (referer: https://www.jwst.nasa.gov/)
2023-08-03 14:38:04 [scrapy.downloadermiddlewares.redirect] DEBUG: Redirecting (302) to <GET http://www.jwst.nasa.gov/content/news/index.html> from <GET https://www.jwst.nasa.gov/news_archive.html>
2023-08-03 14:38:04 [scrapy.downloadermiddlewares.redirect] DEBUG: Redirecting (301) to <GET https://www.jwst.nasa.gov/content/news/index.html> from <GET http://www.jwst.nasa.gov/content/news/index.html>
2023-08-03 14:38:04 [scrapy.downloadermiddlewares.redirect] DEBUG: Redirecting (302) to <GET http://www.jwst.nasa.gov/content/forEducators/index.html> from <GET https://www.jwst.nasa.gov/teachers.html>
2023-08-03 14:38:04 [scrapy.downloadermiddlewares.redirect] DEBUG: Redirecting (301) to <GET https://www.jwst.nasa.gov/content/forEducators/index.html> from <GET http://www.jwst.nasa.gov/content/forEducators/index.html>
2023-08-03 14:38:04 [scrapy.downloadermiddlewares.redirect] DEBUG: Redirecting (302) to <GET http://www.jwst.nasa.gov/content/forPress/index.html> from <GET https://www.jwst.nasa.gov/press.html>
2023-08-03 14:38:04 [scrapy.downloadermiddlewares.redirect] DEBUG: Redirecting (301) to <GET https://www.jwst.nasa.gov/content/forPress/index.html> from <GET http://www.jwst.nasa.gov/content/forPress/index.html>
2023-08-03 14:38:04 [scrapy.spidermiddlewares.offsite] DEBUG: Filtered offsite request to 'www.enablejavascript.io': <GET https://www.enablejavascript.io/>
2023-08-03 14:38:04 [scrapy.spidermiddlewares.offsite] DEBUG: Filtered offsite request to 'en.wikipedia.org': <GET https://en.wikipedia.org/wiki/Halo_orbit>
2023-08-03 14:38:04 [scrapy.spidermiddlewares.offsite] DEBUG: Filtered offsite request to 'history.nasa.gov': <GET http://history.nasa.gov/JFK-Webbconv/index.html>
2023-08-03 14:38:04 [scrapy.spidermiddlewares.offsite] DEBUG: Filtered offsite request to 'coolcosmos.ipac.caltech.edu': <GET http://coolcosmos.ipac.caltech.edu/page/what_is_infrared>
2023-08-03 14:38:04 [scrapy.spidermiddlewares.offsite] DEBUG: Filtered offsite request to 'www.nesdis.noaa.gov': <GET https://www.nesdis.noaa.gov/current-satellite-missions/currently-flying/dscovr-deep-space-climate-observatory>
2023-08-03 14:38:04 [scrapy.spidermiddlewares.offsite] DEBUG: Filtered offsite request to 'wind.nasa.gov': <GET http://wind.nasa.gov/>
2023-08-03 14:38:04 [scrapy.spidermiddlewares.offsite] DEBUG: Filtered offsite request to 'sohowww.nascom.nasa.gov': <GET http://sohowww.nascom.nasa.gov/>
2023-08-03 14:38:04 [scrapy.spidermiddlewares.offsite] DEBUG: Filtered offsite request to 'science.nasa.gov': <GET http://science.nasa.gov/missions/ace/>
2023-08-03 14:38:04 [scrapy.spidermiddlewares.offsite] DEBUG: Filtered offsite request to 'map.gsfc.nasa.gov': <GET http://map.gsfc.nasa.gov/>
2023-08-03 14:38:04 [scrapy.spidermiddlewares.offsite] DEBUG: Filtered offsite request to 'sci.esa.int': <GET http://sci.esa.int/herschel/>
2023-08-03 14:38:04 [scrapy.spidermiddlewares.offsite] DEBUG: Filtered offsite request to 'experts.arizona.edu': <GET https://experts.arizona.edu/en/publications/infrared-detector-arrays-for-astronomy>
2023-08-03 14:38:04 [scrapy.spidermiddlewares.offsite] DEBUG: Filtered offsite request to 'www.arizona.edu': <GET http://www.arizona.edu/>
2023-08-03 14:38:04 [scrapy.spidermiddlewares.offsite] DEBUG: Filtered offsite request to 'www.ballaerospace.com': <GET http://www.ballaerospace.com/>
2023-08-03 14:38:04 [scrapy.spidermiddlewares.offsite] DEBUG: Filtered offsite request to 'l3harris.com': <GET http://l3harris.com/>
2023-08-03 14:38:04 [scrapy.spidermiddlewares.offsite] DEBUG: Filtered offsite request to 'www.lockheedmartin.com': <GET http://www.lockheedmartin.com>
2023-08-03 14:38:04 [scrapy.spidermiddlewares.offsite] DEBUG: Filtered offsite request to 'www.northropgrumman.com': <GET http://www.northropgrumman.com/>
2023-08-03 14:38:04 [scrapy.spidermiddlewares.offsite] DEBUG: Filtered offsite request to 'www.stsci.edu': <GET http://www.stsci.edu>
2023-08-03 14:38:04 [scrapy.spidermiddlewares.offsite] DEBUG: Filtered offsite request to 'www.arianespace.com': <GET http://www.arianespace.com/vehicle/ariane-5/>
2023-08-03 14:38:04 [scrapy.core.scraper] DEBUG: Scraped from <200 https://www.jwst.nasa.gov/content/observatory/instruments/index.html>
{'Link': 'https://www.jwst.nasa.gov/content/observatory/instruments/index.html'}
2023-08-03 14:38:04 [scrapy.spidermiddlewares.offsite] DEBUG: Filtered offsite request to 'spinoff.nasa.gov': <GET https://spinoff.nasa.gov/Spinoff2012/hm_5.html>
2023-08-03 14:38:04 [scrapy.spidermiddlewares.offsite] DEBUG: Filtered offsite request to 'www.nature.com': <GET http://www.nature.com/news/2009/090102/full/news.2008.1343.html>
2023-08-03 14:38:04 [scrapy.spidermiddlewares.offsite] DEBUG: Filtered offsite request to 'www.mpa-garching.mpg.de': <GET http://www.mpa-garching.mpg.de/galform/virgo/millennium/>
2023-08-03 14:38:04 [scrapy.spidermiddlewares.offsite] DEBUG: Filtered offsite request to 'www-hpcc.astro.washington.edu': <GET http://www-hpcc.astro.washington.edu/>
2023-08-03 14:38:04 [scrapy.spidermiddlewares.offsite] DEBUG: Filtered offsite request to 'planetquest.jpl.nasa.gov': <GET http://planetquest.jpl.nasa.gov/>
2023-08-03 14:38:04 [scrapy.spidermiddlewares.offsite] DEBUG: Filtered offsite request to 'www.reddit.com': <GET https://www.reddit.com/r/science/comments/77dwwk/we_are_scientists_and_engineers_testing_nasas/>
2023-08-03 14:38:04 [scrapy.spidermiddlewares.offsite] DEBUG: Filtered offsite request to 'jwst-docs.stsci.edu': <GET https://jwst-docs.stsci.edu/jwst-near-infrared-camera/nircam-instrumentation/nircam-field-of-view>
2023-08-03 14:38:04 [scrapy.spidermiddlewares.offsite] DEBUG: Filtered offsite request to 'jwstdev.gsfc.nasa.gov': <GET https://jwstdev.gsfc.nasa.gov/content/webbLaunch/deploymentExplorer.html#5>
2023-08-03 14:38:04 [scrapy.spidermiddlewares.offsite] DEBUG: Filtered offsite request to 'images.nasa.gov': <GET https://images.nasa.gov/details-First%20Full%20Color%20Images%20and%20Data%20from%20the%20James%20Webb%20Space%20Telescope>
2023-08-03 14:38:04 [scrapy.spidermiddlewares.offsite] DEBUG: Filtered offsite request to 'go.nasa.gov': <GET https://go.nasa.gov/unfoldtheuniverse>
2023-08-03 14:38:04 [scrapy.spidermiddlewares.offsite] DEBUG: Filtered offsite request to 'eyes.nasa.gov': <GET https://eyes.nasa.gov>
2023-08-03 14:38:04 [scrapy.spidermiddlewares.offsite] DEBUG: Filtered offsite request to 'www.jpl.nasa.gov': <GET https://www.jpl.nasa.gov/edu/news/2021/9/30/learn-about-the-universe-with-the-james-webb-space-telescope/#jwst-what>
2023-08-03 14:38:04 [scrapy.spidermiddlewares.offsite] DEBUG: Filtered offsite request to 'spaceplace.nasa.gov': <GET https://spaceplace.nasa.gov/james-webb-space-telescope/en/>
2023-08-03 14:38:04 [scrapy.spidermiddlewares.offsite] DEBUG: Filtered offsite request to 'youtu.be': <GET https://youtu.be/bTxLAGchWnA%3E>
2023-08-03 14:38:04 [scrapy.spidermiddlewares.offsite] DEBUG: Filtered offsite request to 'stsci.box.com': <GET https://stsci.box.com/s/ibmum4za71tjfq8582d8q3bw0rvm0192>
2023-08-03 14:38:04 [scrapy.spidermiddlewares.offsite] DEBUG: Filtered offsite request to 'astrophysics.gsfc.nasa.gov': <GET http://astrophysics.gsfc.nasa.gov/outreach/podcast/wordpress/index.php/2009/06/18/podcast-making-data-beautiful/>
2023-08-03 14:38:04 [scrapy.spidermiddlewares.offsite] DEBUG: Filtered offsite request to 'www.hq.nasa.gov': <GET http://www.hq.nasa.gov/office/pao/History/Biographies/webb.html>
2023-08-03 14:38:04 [scrapy.spidermiddlewares.offsite] DEBUG: Filtered offsite request to 'proceedings.spiedigitallibrary.org': <GET http://proceedings.spiedigitallibrary.org/proceeding.aspx?articleid=787716>
2023-08-03 14:38:04 [scrapy.spidermiddlewares.offsite] DEBUG: Filtered offsite request to 'hubblesite.org': <GET https://hubblesite.org/contents/articles/the-meaning-of-light-and-color>
2023-08-03 14:38:04 [scrapy.spidermiddlewares.offsite] DEBUG: Filtered offsite request to 'www.space.gc.ca': <GET http://www.space.gc.ca/>
2023-08-03 14:38:04 [scrapy.spidermiddlewares.offsite] DEBUG: Filtered offsite request to 'harris.com': <GET http://harris.com/>
2023-08-03 14:38:04 [scrapy.spidermiddlewares.offsite] DEBUG: Filtered offsite request to 'www.coherent.com': <GET http://www.coherent.com/>
2023-08-03 14:38:04 [scrapy.spidermiddlewares.offsite] DEBUG: Filtered offsite request to 'www.gd-imaging.com': <GET http://www.gd-imaging.com/>
2023-08-03 14:38:04 [scrapy.spidermiddlewares.offsite] DEBUG: Filtered offsite request to 'materion.com': <GET http://materion.com/>
2023-08-03 14:38:04 [scrapy.spidermiddlewares.offsite] DEBUG: Filtered offsite request to 'www.raytheon.com': <GET http://www.raytheon.com/businesses/ncs/rvs/index.html>
2023-08-03 14:38:04 [scrapy.spidermiddlewares.offsite] DEBUG: Filtered offsite request to 'www.teledyne.com': <GET http://www.teledyne.com/index.asp>
2023-08-03 14:38:04 [scrapy.spidermiddlewares.offsite] DEBUG: Filtered offsite request to 'webb.nasa.gov': <GET https://webb.nasa.gov/content/webbLaunch/needToKnow.html#WebbImages>
2023-08-03 14:38:04 [scrapy.spidermiddlewares.offsite] DEBUG: Filtered offsite request to 'starchild.gsfc.nasa.gov': <GET http://starchild.gsfc.nasa.gov/>
2023-08-03 14:38:04 [scrapy.spidermiddlewares.offsite] DEBUG: Filtered offsite request to 'imagine.gsfc.nasa.gov': <GET http://imagine.gsfc.nasa.gov/>
2023-08-03 14:38:04 [scrapy.spidermiddlewares.offsite] DEBUG: Filtered offsite request to 'amazing-space.stsci.edu': <GET http://amazing-space.stsci.edu/>
2023-08-03 14:38:04 [scrapy.spidermiddlewares.offsite] DEBUG: Filtered offsite request to 'education.nasa.gov': <GET http://education.nasa.gov/>
2023-08-03 14:38:04 [scrapy.spidermiddlewares.offsite] DEBUG: Filtered offsite request to 'teachspacescience.org': <GET http://teachspacescience.org/>
2023-08-03 14:38:04 [scrapy.spidermiddlewares.offsite] DEBUG: Filtered offsite request to 'dx.doi.org': <GET https://dx.doi.org/10.1007/s11214-006-8315-7>
2023-08-03 14:38:08 [scrapy.core.engine] DEBUG: Crawled (200) <GET https://www.jwst.nasa.gov/content/observatory/instruments/nircam.html> (referer: https://www.jwst.nasa.gov/)
2023-08-03 14:38:08 [scrapy.downloadermiddlewares.redirect] DEBUG: Redirecting (302) to <GET http://www.jwst.nasa.gov/content/forScientists/index.html> from <GET https://www.jwst.nasa.gov/scientists.html>
2023-08-03 14:38:08 [scrapy.downloadermiddlewares.redirect] DEBUG: Redirecting (301) to <GET https://www.jwst.nasa.gov/content/forScientists/index.html> from <GET http://www.jwst.nasa.gov/content/forScientists/index.html>
2023-08-03 14:38:08 [scrapy.downloadermiddlewares.redirect] DEBUG: Redirecting (302) to <GET http://www.jwst.nasa.gov/content/features/index.html> from <GET https://www.jwst.nasa.gov/public.html>
2023-08-03 14:38:08 [scrapy.downloadermiddlewares.redirect] DEBUG: Redirecting (301) to <GET https://www.jwst.nasa.gov/content/features/index.html> from <GET http://www.jwst.nasa.gov/content/features/index.html>
2023-08-03 14:38:08 [scrapy.downloadermiddlewares.redirect] DEBUG: Redirecting (301) to <GET https://www.jwst.nasa.gov/> from <GET http://www.jwst.nasa.gov/>
2023-08-03 14:38:08 [scrapy.core.scraper] DEBUG: Scraped from <200 https://www.jwst.nasa.gov/content/observatory/instruments/nircam.html>
{'Link': 'https://www.jwst.nasa.gov/content/observatory/instruments/nircam.html'}
2023-08-03 14:38:08 [scrapy.spidermiddlewares.offsite] DEBUG: Filtered offsite request to 'jwst.stsci.edu': <GET https://jwst.stsci.edu/instrumentation/nircam>
2023-08-03 14:38:10 [scrapy.core.engine] DEBUG: Crawled (200) <GET https://www.jwst.nasa.gov/content/observatory/instruments/nirspec.html> (referer: https://www.jwst.nasa.gov/)
2023-08-03 14:38:10 [scrapy.downloadermiddlewares.redirect] DEBUG: Redirecting (302) to <GET http://www.jwst.nasa.gov/content/about/comparisonWebbVsHubble.html> from <GET https://www.jwst.nasa.gov/comparison_about.html>
2023-08-03 14:38:10 [scrapy.downloadermiddlewares.redirect] DEBUG: Redirecting (301) to <GET https://www.jwst.nasa.gov/content/about/comparisonWebbVsHubble.html> from <GET http://www.jwst.nasa.gov/content/about/comparisonWebbVsHubble.html>
2023-08-03 14:38:10 [scrapy.core.scraper] DEBUG: Scraped from <200 https://www.jwst.nasa.gov/content/observatory/instruments/nirspec.html>
{'Link': 'https://www.jwst.nasa.gov/content/observatory/instruments/nirspec.html'}
2023-08-03 14:38:10 [scrapy.core.engine] DEBUG: Crawled (200) <GET https://www.jwst.nasa.gov/content/observatory/instruments/miri.html> (referer: https://www.jwst.nasa.gov/)
2023-08-03 14:38:10 [scrapy.downloadermiddlewares.redirect] DEBUG: Redirecting (302) to <GET http://www.jwst.nasa.gov/content/features/beyondTheVisible.html> from <GET https://www.jwst.nasa.gov/beyondvisible.html>
2023-08-03 14:38:10 [scrapy.downloadermiddlewares.redirect] DEBUG: Redirecting (301) to <GET https://www.jwst.nasa.gov/content/features/beyondTheVisible.html> from <GET http://www.jwst.nasa.gov/content/features/beyondTheVisible.html>
2023-08-03 14:38:10 [scrapy.downloadermiddlewares.redirect] DEBUG: Redirecting (302) to <GET http://www.jwst.nasa.gov/content/science/index.html> from <GET https://www.jwst.nasa.gov/science.html>
2023-08-03 14:38:10 [scrapy.downloadermiddlewares.redirect] DEBUG: Redirecting (301) to <GET https://www.jwst.nasa.gov/content/science/index.html> from <GET http://www.jwst.nasa.gov/content/science/index.html>
2023-08-03 14:38:10 [scrapy.downloadermiddlewares.redirect] DEBUG: Redirecting (302) to <GET http://www.jwst.nasa.gov/content/about/index.html> from <GET https://www.jwst.nasa.gov/about.html>
2023-08-03 14:38:10 [scrapy.downloadermiddlewares.redirect] DEBUG: Redirecting (301) to <GET https://www.jwst.nasa.gov/content/about/index.html> from <GET http://www.jwst.nasa.gov/content/about/index.html>
2023-08-03 14:38:11 [scrapy.core.engine] DEBUG: Crawled (200) <GET https://www.jwst.nasa.gov/content/features/educational/paperModel/modelGallery.html> (referer: https://www.jwst.nasa.gov/content/webbLaunch/needToKnow.html) ['cached']
2023-08-03 14:38:11 [scrapy.downloadermiddlewares.redirect] DEBUG: Redirecting (302) to <GET http://www.jwst.nasa.gov/content/about/faqs/tweetChat7.html> from <GET https://www.jwst.nasa.gov/faq_tweetchat7.html>
2023-08-03 14:38:11 [scrapy.downloadermiddlewares.redirect] DEBUG: Redirecting (301) to <GET https://www.jwst.nasa.gov/content/about/faqs/tweetChat7.html> from <GET http://www.jwst.nasa.gov/content/about/faqs/tweetChat7.html>
2023-08-03 14:38:11 [scrapy.core.engine] DEBUG: Crawled (200) <GET https://www.jwst.nasa.gov/content/about/faqs/tweetChat7.html> (referer: None) ['cached']
2023-08-03 14:38:11 [scrapy.core.engine] DEBUG: Crawled (200) <GET https://www.jwst.nasa.gov/content/features/educational/buildItYourself/index.html> (referer: https://www.jwst.nasa.gov/content/webbLaunch/needToKnow.html) ['cached']
2023-08-03 14:38:11 [scrapy.downloadermiddlewares.redirect] DEBUG: Redirecting (302) to <GET http://www.jwst.nasa.gov/content/about/faqs/tweetChat5.html> from <GET https://www.jwst.nasa.gov/faq_tweetchat5.html>
2023-08-03 14:38:11 [scrapy.downloadermiddlewares.redirect] DEBUG: Redirecting (301) to <GET https://www.jwst.nasa.gov/content/about/faqs/tweetChat5.html> from <GET http://www.jwst.nasa.gov/content/about/faqs/tweetChat5.html>
2023-08-03 14:38:11 [scrapy.core.engine] DEBUG: Crawled (200) <GET https://www.jwst.nasa.gov/content/about/faqs/tweetChat5.html> (referer: None) ['cached']
2023-08-03 14:38:11 [scrapy.core.engine] DEBUG: Crawled (200) <GET https://www.jwst.nasa.gov/content/features/educational/scopeItOut/index.html> (referer: https://www.jwst.nasa.gov/content/webbLaunch/needToKnow.html) ['cached']
2023-08-03 14:38:11 [scrapy.downloadermiddlewares.redirect] DEBUG: Redirecting (302) to <GET http://www.jwst.nasa.gov/content/features/mirrorMap.html> from <GET https://www.jwst.nasa.gov/mirrormap.html>
2023-08-03 14:38:11 [scrapy.downloadermiddlewares.redirect] DEBUG: Redirecting (301) to <GET https://www.jwst.nasa.gov/content/features/mirrorMap.html> from <GET http://www.jwst.nasa.gov/content/features/mirrorMap.html>
2023-08-03 14:38:11 [scrapy.downloadermiddlewares.redirect] DEBUG: Redirecting (302) to <GET http://www.jwst.nasa.gov/content/about/faqs/tweetChat6.html> from <GET https://www.jwst.nasa.gov/faq_tweetchat6.html>
2023-08-03 14:38:11 [scrapy.downloadermiddlewares.redirect] DEBUG: Redirecting (301) to <GET https://www.jwst.nasa.gov/content/about/faqs/tweetChat6.html> from <GET http://www.jwst.nasa.gov/content/about/faqs/tweetChat6.html>
2023-08-03 14:38:11 [scrapy.core.engine] DEBUG: Crawled (200) <GET https://www.jwst.nasa.gov/content/about/faqs/tweetChat6.html> (referer: None) ['cached']
2023-08-03 14:38:11 [scrapy.core.engine] DEBUG: Crawled (404) <GET https://www.jwst.nasa.gov/content/webbLaunch/content/features/jwstArt/publicArt.html> (referer: https://www.jwst.nasa.gov/content/webbLaunch/needToKnow.html) ['cached']
2023-08-03 14:38:11 [scrapy.downloadermiddlewares.redirect] DEBUG: Redirecting (302) to <GET http://www.jwst.nasa.gov/content/features/educational/scope.html> from <GET https://www.jwst.nasa.gov/scope.html>
2023-08-03 14:38:11 [scrapy.downloadermiddlewares.redirect] DEBUG: Redirecting (301) to <GET https://www.jwst.nasa.gov/content/features/educational/scope.html> from <GET http://www.jwst.nasa.gov/content/features/educational/scope.html>
2023-08-03 14:38:11 [scrapy.downloadermiddlewares.redirect] DEBUG: Redirecting (302) to <GET http://www.jwst.nasa.gov/content/about/faqs/ama2.html> from <GET https://www.jwst.nasa.gov/faq_ama2.html>
2023-08-03 14:38:11 [scrapy.downloadermiddlewares.redirect] DEBUG: Redirecting (301) to <GET https://www.jwst.nasa.gov/content/about/faqs/ama2.html> from <GET http://www.jwst.nasa.gov/content/about/faqs/ama2.html>
2023-08-03 14:38:11 [scrapy.core.engine] DEBUG: Crawled (200) <GET https://www.jwst.nasa.gov/content/about/faqs/ama2.html> (referer: None) ['cached']
2023-08-03 14:38:11 [scrapy.core.engine] DEBUG: Crawled (200) <GET https://www.jwst.nasa.gov/content/features/jwstArt/> (referer: https://www.jwst.nasa.gov/content/webbLaunch/needToKnow.html) ['cached']
2023-08-03 14:38:11 [scrapy.downloadermiddlewares.redirect] DEBUG: Redirecting (302) to <GET http://www.jwst.nasa.gov/content/features/educational/paperModel/paperModel.html> from <GET https://www.jwst.nasa.gov/papermodel.html>
2023-08-03 14:38:11 [scrapy.downloadermiddlewares.redirect] DEBUG: Redirecting (301) to <GET https://www.jwst.nasa.gov/content/features/educational/paperModel/paperModel.html> from <GET http://www.jwst.nasa.gov/content/features/educational/paperModel/paperModel.html>
2023-08-03 14:38:11 [scrapy.downloadermiddlewares.redirect] DEBUG: Redirecting (302) to <GET http://www.jwst.nasa.gov/content/about/faqs/tweetChat4.html> from <GET https://www.jwst.nasa.gov/faq_tweetchat4.html>
2023-08-03 14:38:11 [scrapy.downloadermiddlewares.redirect] DEBUG: Redirecting (301) to <GET https://www.jwst.nasa.gov/content/about/faqs/tweetChat4.html> from <GET http://www.jwst.nasa.gov/content/about/faqs/tweetChat4.html>
2023-08-03 14:38:11 [scrapy.core.engine] DEBUG: Crawled (200) <GET https://www.jwst.nasa.gov/content/about/faqs/tweetChat4.html> (referer: None) ['cached']
2023-08-03 14:38:11 [scrapy.core.engine] DEBUG: Crawled (404) <GET https://www.jwst.nasa.gov/content/webbLaunch/link> (referer: https://www.jwst.nasa.gov/content/webbLaunch/needToKnow.html) ['cached']
2023-08-03 14:38:11 [scrapy.core.engine] DEBUG: Crawled (200) <GET https://www.jwst.nasa.gov/content/features/> (referer: https://www.jwst.nasa.gov/content/observatory/index.html) ['cached']
2023-08-03 14:38:11 [scrapy.downloadermiddlewares.redirect] DEBUG: Redirecting (302) to <GET http://www.jwst.nasa.gov/content/meetTheTeam/people/clampin.html> from <GET https://www.jwst.nasa.gov/meet-clampin.html>
2023-08-03 14:38:11 [scrapy.downloadermiddlewares.redirect] DEBUG: Redirecting (301) to <GET https://www.jwst.nasa.gov/content/meetTheTeam/people/clampin.html> from <GET http://www.jwst.nasa.gov/content/meetTheTeam/people/clampin.html>
2023-08-03 14:38:11 [scrapy.core.engine] DEBUG: Crawled (200) <GET https://www.jwst.nasa.gov/content/meetTheTeam/people/clampin.html> (referer: None) ['cached']
2023-08-03 14:38:11 [scrapy.core.engine] DEBUG: Crawled (200) <GET https://jwst.nasa.gov/robots.txt> (referer: None) ['cached']
2023-08-03 14:38:11 [scrapy.core.engine] DEBUG: Crawled (200) <GET https://jwst.nasa.gov/content/forEducators/index.html> (referer: https://www.jwst.nasa.gov/content/webbLaunch/needToKnow.html) ['cached']
2023-08-03 14:38:11 [scrapy.downloadermiddlewares.redirect] DEBUG: Redirecting (302) to <GET http://www.jwst.nasa.gov/content/about/faqs/tweetChat3.html> from <GET https://www.jwst.nasa.gov/faq_tweetchat3.html>
2023-08-03 14:38:11 [scrapy.downloadermiddlewares.redirect] DEBUG: Redirecting (301) to <GET https://www.jwst.nasa.gov/content/about/faqs/tweetChat3.html> from <GET http://www.jwst.nasa.gov/content/about/faqs/tweetChat3.html>
2023-08-03 14:38:11 [scrapy.core.engine] DEBUG: Crawled (200) <GET https://www.jwst.nasa.gov/content/about/faqs/tweetChat3.html> (referer: None) ['cached']
2023-08-03 14:38:11 [scrapy.downloadermiddlewares.redirect] DEBUG: Redirecting (302) to <GET http://www.jwst.nasa.gov/content/about/faqs/tweetChat2.html> from <GET https://www.jwst.nasa.gov/faq_tweetchat2.html>
2023-08-03 14:38:11 [scrapy.downloadermiddlewares.redirect] DEBUG: Redirecting (301) to <GET https://www.jwst.nasa.gov/content/about/faqs/tweetChat2.html> from <GET http://www.jwst.nasa.gov/content/about/faqs/tweetChat2.html>
2023-08-03 14:38:11 [scrapy.core.engine] DEBUG: Crawled (200) <GET https://www.jwst.nasa.gov/content/about/faqs/tweetChat2.html> (referer: None) ['cached']
2023-08-03 14:38:11 [scrapy.downloadermiddlewares.redirect] DEBUG: Redirecting (302) to <GET http://www.jwst.nasa.gov/content/webbLaunch/assets/documents/WebbMediaKit.pdf> from <GET https://www.jwst.nasa.gov/mediaKit>
2023-08-03 14:38:11 [scrapy.downloadermiddlewares.redirect] DEBUG: Redirecting (301) to <GET https://www.jwst.nasa.gov/content/webbLaunch/assets/documents/WebbMediaKit.pdf> from <GET http://www.jwst.nasa.gov/content/webbLaunch/assets/documents/WebbMediaKit.pdf>
2023-08-03 14:38:11 [scrapy.core.engine] DEBUG: Crawled (200) <GET https://www.jwst.nasa.gov/content/webbLaunch/assets/documents/WebbMediaKit.pdf> (referer: None) ['cached']
2023-08-03 14:38:11 [scrapy.core.scraper] DEBUG: Scraped from <200 https://www.jwst.nasa.gov/content/observatory/instruments/miri.html>
{'Link': 'https://www.jwst.nasa.gov/content/observatory/instruments/miri.html'}
2023-08-03 14:38:11 [scrapy.core.scraper] DEBUG: Scraped from <200 https://www.jwst.nasa.gov/content/features/educational/paperModel/modelGallery.html>
{'Link': 'https://www.jwst.nasa.gov/content/features/educational/paperModel/modelGallery.html'}
2023-08-03 14:38:11 [scrapy.core.scraper] DEBUG: Scraped from <200 https://www.jwst.nasa.gov/content/about/faqs/tweetChat7.html>
{'Link': 'https://www.jwst.nasa.gov/content/about/faqs/tweetChat7.html'}
2023-08-03 14:38:11 [scrapy.core.scraper] DEBUG: Scraped from <200 https://www.jwst.nasa.gov/content/features/educational/buildItYourself/index.html>
{'Link': 'https://www.jwst.nasa.gov/content/features/educational/buildItYourself/index.html'}
2023-08-03 14:38:11 [scrapy.core.scraper] DEBUG: Scraped from <200 https://www.jwst.nasa.gov/content/about/faqs/tweetChat5.html>
{'Link': 'https://www.jwst.nasa.gov/content/about/faqs/tweetChat5.html'}
2023-08-03 14:38:11 [scrapy.core.scraper] DEBUG: Scraped from <200 https://www.jwst.nasa.gov/content/features/educational/scopeItOut/index.html>
{'Link': 'https://www.jwst.nasa.gov/content/features/educational/scopeItOut/index.html'}
2023-08-03 14:38:11 [scrapy.core.scraper] DEBUG: Scraped from <200 https://www.jwst.nasa.gov/content/about/faqs/tweetChat6.html>
{'Link': 'https://www.jwst.nasa.gov/content/about/faqs/tweetChat6.html'}
2023-08-03 14:38:11 [scrapy.core.scraper] DEBUG: Scraped from <200 https://www.jwst.nasa.gov/content/about/faqs/ama2.html>
{'Link': 'https://www.jwst.nasa.gov/content/about/faqs/ama2.html'}
2023-08-03 14:38:11 [scrapy.core.scraper] DEBUG: Scraped from <200 https://www.jwst.nasa.gov/content/features/jwstArt/>
{'Link': 'https://www.jwst.nasa.gov/content/features/jwstArt/'}
2023-08-03 14:38:11 [scrapy.core.scraper] DEBUG: Scraped from <200 https://www.jwst.nasa.gov/content/about/faqs/tweetChat4.html>
{'Link': 'https://www.jwst.nasa.gov/content/about/faqs/tweetChat4.html'}
2023-08-03 14:38:11 [scrapy.core.scraper] DEBUG: Scraped from <200 https://www.jwst.nasa.gov/content/features/>
{'Link': 'https://www.jwst.nasa.gov/content/features/'}
2023-08-03 14:38:11 [scrapy.core.scraper] DEBUG: Scraped from <200 https://www.jwst.nasa.gov/content/meetTheTeam/people/clampin.html>
{'Link': 'https://www.jwst.nasa.gov/content/meetTheTeam/people/clampin.html'}
2023-08-03 14:38:11 [scrapy.core.scraper] DEBUG: Scraped from <200 https://jwst.nasa.gov/content/forEducators/index.html>
{'Link': 'https://jwst.nasa.gov/content/forEducators/index.html'}
2023-08-03 14:38:11 [scrapy.core.scraper] DEBUG: Scraped from <200 https://www.jwst.nasa.gov/content/about/faqs/tweetChat3.html>
{'Link': 'https://www.jwst.nasa.gov/content/about/faqs/tweetChat3.html'}
2023-08-03 14:38:11 [scrapy.core.scraper] DEBUG: Scraped from <200 https://www.jwst.nasa.gov/content/about/faqs/tweetChat2.html>
{'Link': 'https://www.jwst.nasa.gov/content/about/faqs/tweetChat2.html'}
2023-08-03 14:38:11 [scrapy.core.scraper] DEBUG: Scraped from <200 https://www.jwst.nasa.gov/content/webbLaunch/assets/documents/WebbMediaKit.pdf>
{'Link': 'https://www.jwst.nasa.gov/content/webbLaunch/assets/documents/WebbMediaKit.pdf'}
2023-08-03 14:38:11 [scrapy.spidermiddlewares.offsite] DEBUG: Filtered offsite request to 'ircamera.as.arizona.edu': <GET http://ircamera.as.arizona.edu/MIRI/>
2023-08-03 14:38:11 [scrapy.spidermiddlewares.offsite] DEBUG: Filtered offsite request to 'www.wired.com': <GET http://www.wired.com/geekdad/2009/05/nasa-scope-it-out-game-is-worth-the-view/>
2023-08-03 14:38:11 [scrapy.spidermiddlewares.offsite] DEBUG: Filtered offsite request to 'www.artsciencegallery.com': <GET https://www.artsciencegallery.com/farout/>
2023-08-03 14:38:11 [scrapy.spidermiddlewares.offsite] DEBUG: Filtered offsite request to 'joannabarnum.com': <GET http://joannabarnum.com>
2023-08-03 14:38:11 [scrapy.spidermiddlewares.offsite] DEBUG: Filtered offsite request to 'inkandsword.com': <GET http://inkandsword.com>
2023-08-03 14:38:11 [scrapy.spidermiddlewares.offsite] DEBUG: Filtered offsite request to 'abstractorangepress.com': <GET http://abstractorangepress.com/>
2023-08-03 14:38:11 [scrapy.spidermiddlewares.offsite] DEBUG: Filtered offsite request to 'veronicaguzzardi.com': <GET http://veronicaguzzardi.com/>
2023-08-03 14:38:11 [scrapy.spidermiddlewares.offsite] DEBUG: Filtered offsite request to 'studiokayama.com': <GET http://studiokayama.com>
2023-08-03 14:38:11 [scrapy.spidermiddlewares.offsite] DEBUG: Filtered offsite request to 'hannahlarrabee.com': <GET http://hannahlarrabee.com>
2023-08-03 14:38:11 [scrapy.spidermiddlewares.offsite] DEBUG: Filtered offsite request to 'bysusanlin.com': <GET http://bysusanlin.com>
2023-08-03 14:38:11 [scrapy.spidermiddlewares.offsite] DEBUG: Filtered offsite request to 'www.joanlok.com': <GET http://www.joanlok.com>
2023-08-03 14:38:11 [scrapy.spidermiddlewares.offsite] DEBUG: Filtered offsite request to 'suereno.com': <GET http://suereno.com>
2023-08-03 14:38:11 [scrapy.spidermiddlewares.offsite] DEBUG: Filtered offsite request to 'suereno.blogspot.com': <GET http://suereno.blogspot.com/>
2023-08-03 14:38:11 [scrapy.spidermiddlewares.offsite] DEBUG: Filtered offsite request to 'sterndesignworks.com': <GET https://sterndesignworks.com/>
2023-08-03 14:38:11 [scrapy.spidermiddlewares.offsite] DEBUG: Filtered offsite request to 'stephenelliottwebb.com': <GET http://stephenelliottwebb.com>
2023-08-03 14:38:11 [scrapy.spidermiddlewares.offsite] DEBUG: Filtered offsite request to 'space.mit.edu': <GET http://space.mit.edu/TESS/TESS/TESS_Overview.html>
2023-08-03 14:38:11 [scrapy.spidermiddlewares.offsite] DEBUG: Filtered offsite request to 'bit.ly': <GET http://bit.ly/1faTTUw>
2023-08-03 14:38:11 [scrapy.spidermiddlewares.offsite] DEBUG: Filtered offsite request to '1.usa.gov': <GET http://1.usa.gov/1mLEcp2>
2023-08-03 14:38:11 [scrapy.spidermiddlewares.offsite] DEBUG: Filtered offsite request to 'pic.twitter.com': <GET http://pic.twitter.com/zxGuYeYLvd>
2023-08-03 14:38:11 [scrapy.spidermiddlewares.offsite] DEBUG: Filtered offsite request to 'tinyurl.com': <GET http://tinyurl.com/lvcvp8s>
2023-08-03 14:38:11 [scrapy.spidermiddlewares.offsite] DEBUG: Filtered offsite request to 'jwstetc.stsci.edu': <GET http://jwstetc.stsci.edu/etc/>
2023-08-03 14:38:11 [scrapy.spidermiddlewares.offsite] DEBUG: Filtered offsite request to 'wfirst.gsfc.nasa.gov': <GET http://wfirst.gsfc.nasa.gov/>
2023-08-03 14:38:11 [scrapy.spidermiddlewares.offsite] DEBUG: Filtered offsite request to 'wwwmpa.mpa-garching.mpg.de': <GET https://wwwmpa.mpa-garching.mpg.de/galform/virgo/millennium/>
2023-08-03 14:38:11 [scrapy.core.engine] DEBUG: Crawled (200) <GET https://jwst.nasa.gov/index.html> (referer: https://jwst.nasa.gov/content/forEducators/index.html)
2023-08-03 14:38:11 [scrapy.downloadermiddlewares.redirect] DEBUG: Redirecting (302) to <GET http://www.jwst.nasa.gov/content/meetTheTeam/people/vancampen.html> from <GET https://www.jwst.nasa.gov/meet-vancampen.html>
2023-08-03 14:38:11 [scrapy.downloadermiddlewares.redirect] DEBUG: Redirecting (301) to <GET https://www.jwst.nasa.gov/content/meetTheTeam/people/vancampen.html> from <GET http://www.jwst.nasa.gov/content/meetTheTeam/people/vancampen.html>
2023-08-03 14:38:11 [scrapy.core.engine] DEBUG: Crawled (200) <GET https://www.jwst.nasa.gov/content/meetTheTeam/people/vancampen.html> (referer: None) ['cached']
2023-08-03 14:38:11 [scrapy.downloadermiddlewares.redirect] DEBUG: Redirecting (302) to <GET http://www.jwst.nasa.gov/content/meetTheTeam/people/straughn.html> from <GET https://www.jwst.nasa.gov/meet-straughn.html>
2023-08-03 14:38:11 [scrapy.downloadermiddlewares.redirect] DEBUG: Redirecting (301) to <GET https://www.jwst.nasa.gov/content/meetTheTeam/people/straughn.html> from <GET http://www.jwst.nasa.gov/content/meetTheTeam/people/straughn.html>
2023-08-03 14:38:11 [scrapy.core.engine] DEBUG: Crawled (200) <GET https://www.jwst.nasa.gov/content/meetTheTeam/people/straughn.html> (referer: None) ['cached']
2023-08-03 14:38:11 [scrapy.downloadermiddlewares.redirect] DEBUG: Redirecting (302) to <GET http://www.jwst.nasa.gov/content/meetTheTeam/people/riekeMarcia.html> from <GET https://www.jwst.nasa.gov/meet-rieke.html>
2023-08-03 14:38:11 [scrapy.downloadermiddlewares.redirect] DEBUG: Redirecting (301) to <GET https://www.jwst.nasa.gov/content/meetTheTeam/people/riekeMarcia.html> from <GET http://www.jwst.nasa.gov/content/meetTheTeam/people/riekeMarcia.html>
2023-08-03 14:38:11 [scrapy.core.engine] DEBUG: Crawled (200) <GET https://www.jwst.nasa.gov/content/meetTheTeam/people/riekeMarcia.html> (referer: None) ['cached']
2023-08-03 14:38:11 [scrapy.downloadermiddlewares.redirect] DEBUG: Redirecting (301) to <GET https://jwst.nasa.gov/sunshield.html> from <GET http://jwst.nasa.gov/sunshield.html>
2023-08-03 14:38:11 [scrapy.downloadermiddlewares.redirect] DEBUG: Redirecting (302) to <GET http://jwst.nasa.gov/content/observatory/sunshield.html> from <GET https://jwst.nasa.gov/sunshield.html>
2023-08-03 14:38:11 [scrapy.downloadermiddlewares.redirect] DEBUG: Redirecting (301) to <GET https://jwst.nasa.gov/content/observatory/sunshield.html> from <GET http://jwst.nasa.gov/content/observatory/sunshield.html>
2023-08-03 14:38:11 [scrapy.downloadermiddlewares.redirect] DEBUG: Redirecting (302) to <GET http://www.jwst.nasa.gov/content/meetTheTeam/people/milam.html> from <GET https://www.jwst.nasa.gov/meet-milam.html>
2023-08-03 14:38:11 [scrapy.downloadermiddlewares.redirect] DEBUG: Redirecting (301) to <GET https://www.jwst.nasa.gov/content/meetTheTeam/people/milam.html> from <GET http://www.jwst.nasa.gov/content/meetTheTeam/people/milam.html>
2023-08-03 14:38:11 [scrapy.core.engine] DEBUG: Crawled (200) <GET https://www.jwst.nasa.gov/content/meetTheTeam/people/milam.html> (referer: None) ['cached']
2023-08-03 14:38:11 [scrapy.downloadermiddlewares.redirect] DEBUG: Redirecting (302) to <GET http://www.jwst.nasa.gov/content/features/educational/print.html> from <GET https://www.jwst.nasa.gov/print.html>
2023-08-03 14:38:11 [scrapy.downloadermiddlewares.redirect] DEBUG: Redirecting (301) to <GET https://www.jwst.nasa.gov/content/features/educational/print.html> from <GET http://www.jwst.nasa.gov/content/features/educational/print.html>
2023-08-03 14:38:11 [scrapy.downloadermiddlewares.redirect] DEBUG: Redirecting (302) to <GET http://www.jwst.nasa.gov/content/features/educational/eBooks.html> from <GET https://www.jwst.nasa.gov/ebooks.html>
2023-08-03 14:38:11 [scrapy.downloadermiddlewares.redirect] DEBUG: Redirecting (301) to <GET https://www.jwst.nasa.gov/content/features/educational/eBooks.html> from <GET http://www.jwst.nasa.gov/content/features/educational/eBooks.html>
2023-08-03 14:38:11 [scrapy.downloadermiddlewares.redirect] DEBUG: Redirecting (302) to <GET http://www.jwst.nasa.gov/content/features/behindTheWebb.html> from <GET https://www.jwst.nasa.gov/behindthewebb.html>
2023-08-03 14:38:11 [scrapy.downloadermiddlewares.redirect] DEBUG: Redirecting (301) to <GET https://www.jwst.nasa.gov/content/features/behindTheWebb.html> from <GET http://www.jwst.nasa.gov/content/features/behindTheWebb.html>
2023-08-03 14:38:11 [scrapy.downloadermiddlewares.redirect] DEBUG: Redirecting (302) to <GET http://www.jwst.nasa.gov/content/multimedia/svs.html> from <GET https://www.jwst.nasa.gov/svs.html>
2023-08-03 14:38:11 [scrapy.downloadermiddlewares.redirect] DEBUG: Redirecting (301) to <GET https://www.jwst.nasa.gov/content/multimedia/svs.html> from <GET http://www.jwst.nasa.gov/content/multimedia/svs.html>
2023-08-03 14:38:11 [scrapy.downloadermiddlewares.redirect] DEBUG: Redirecting (302) to <GET http://jwst.nasa.gov/content/news/index.html> from <GET https://jwst.nasa.gov/news_archive.html>
2023-08-03 14:38:11 [scrapy.downloadermiddlewares.redirect] DEBUG: Redirecting (301) to <GET https://jwst.nasa.gov/content/news/index.html> from <GET http://jwst.nasa.gov/content/news/index.html>
2023-08-03 14:38:11 [scrapy.downloadermiddlewares.redirect] DEBUG: Redirecting (302) to <GET http://www.jwst.nasa.gov/content/features/jwstArt> from <GET https://www.jwst.nasa.gov/jwstArt/>
2023-08-03 14:38:11 [scrapy.downloadermiddlewares.redirect] DEBUG: Redirecting (301) to <GET https://www.jwst.nasa.gov/content/features/jwstArt> from <GET http://www.jwst.nasa.gov/content/features/jwstArt>
2023-08-03 14:38:11 [scrapy.downloadermiddlewares.redirect] DEBUG: Redirecting (301) to <GET http://www.jwst.nasa.gov/content/features/jwstArt/> from <GET https://www.jwst.nasa.gov/content/features/jwstArt>
2023-08-03 14:38:11 [scrapy.downloadermiddlewares.redirect] DEBUG: Redirecting (301) to <GET https://www.jwst.nasa.gov/content/features/jwstArt/> from <GET http://www.jwst.nasa.gov/content/features/jwstArt/>
2023-08-03 14:38:11 [scrapy.downloadermiddlewares.redirect] DEBUG: Redirecting (302) to <GET http://jwst.nasa.gov/content/forEducators/index.html> from <GET https://jwst.nasa.gov/teachers.html>
2023-08-03 14:38:11 [scrapy.downloadermiddlewares.redirect] DEBUG: Redirecting (301) to <GET https://jwst.nasa.gov/content/forEducators/index.html> from <GET http://jwst.nasa.gov/content/forEducators/index.html>
2023-08-03 14:38:11 [scrapy.core.engine] DEBUG: Crawled (200) <GET https://www.jwst.nasa.gov/content/features/celebrateWebb.html> (referer: https://www.jwst.nasa.gov/content/features/) ['cached']
2023-08-03 14:38:11 [scrapy.downloadermiddlewares.redirect] DEBUG: Redirecting (302) to <GET http://jwst.nasa.gov/content/forPress/index.html> from <GET https://jwst.nasa.gov/press.html>
2023-08-03 14:38:11 [scrapy.downloadermiddlewares.redirect] DEBUG: Redirecting (301) to <GET https://jwst.nasa.gov/content/forPress/index.html> from <GET http://jwst.nasa.gov/content/forPress/index.html>
2023-08-03 14:38:11 [scrapy.downloadermiddlewares.redirect] DEBUG: Redirecting (302) to <GET http://jwst.nasa.gov/content/forEducators/formal.html> from <GET https://jwst.nasa.gov/teachers_formal.html>
2023-08-03 14:38:11 [scrapy.downloadermiddlewares.redirect] DEBUG: Redirecting (301) to <GET https://jwst.nasa.gov/content/forEducators/formal.html> from <GET http://jwst.nasa.gov/content/forEducators/formal.html>
2023-08-03 14:38:11 [scrapy.downloadermiddlewares.redirect] DEBUG: Redirecting (302) to <GET http://jwst.nasa.gov/content/forEducators/informal.html> from <GET https://jwst.nasa.gov/teachers_informal.html>
2023-08-03 14:38:11 [scrapy.downloadermiddlewares.redirect] DEBUG: Redirecting (301) to <GET https://jwst.nasa.gov/content/forEducators/informal.html> from <GET http://jwst.nasa.gov/content/forEducators/informal.html>
2023-08-03 14:38:11 [scrapy.core.engine] DEBUG: Crawled (200) <GET https://jwst.nasa.gov/content/forPress/index.html> (referer: https://jwst.nasa.gov/content/forEducators/index.html) ['cached']
2023-08-03 14:38:11 [scrapy.core.engine] DEBUG: Crawled (200) <GET https://www.jwst.nasa.gov/content/features/educational/scopeItOut/scopeitout_transcript.rtf> (referer: https://www.jwst.nasa.gov/content/features/educational/scopeItOut/index.html) ['cached']
2023-08-03 14:38:11 [scrapy.core.engine] DEBUG: Crawled (200) <GET https://jwst.nasa.gov/content/forEducators/formal.html> (referer: https://jwst.nasa.gov/content/forEducators/index.html) ['cached']
2023-08-03 14:38:11 [scrapy.core.engine] DEBUG: Crawled (200) <GET https://jwst.nasa.gov/content/forEducators/informal.html> (referer: https://jwst.nasa.gov/content/forEducators/index.html) ['cached']
2023-08-03 14:38:11 [scrapy.core.engine] DEBUG: Crawled (200) <GET https://jwst.nasa.gov/content/forScientists/publications.html> (referer: https://jwst.nasa.gov/content/forEducators/index.html) ['cached']
2023-08-03 14:38:11 [scrapy.core.engine] DEBUG: Crawled (200) <GET https://jwst.nasa.gov/content/forScientists/presentations.html> (referer: https://jwst.nasa.gov/content/forEducators/index.html) ['cached']
2023-08-03 14:38:11 [scrapy.core.engine] DEBUG: Crawled (200) <GET https://jwst.nasa.gov/content/forScientists/newsletters.html> (referer: https://jwst.nasa.gov/content/forEducators/index.html) ['cached']
2023-08-03 14:38:11 [scrapy.core.engine] DEBUG: Crawled (200) <GET https://jwst.nasa.gov/content/forScientists/faqSolarsystem.html> (referer: https://jwst.nasa.gov/content/forEducators/index.html) ['cached']
2023-08-03 14:38:11 [scrapy.core.scraper] DEBUG: Scraped from <200 https://jwst.nasa.gov/index.html>
{'Link': 'https://jwst.nasa.gov/index.html'}
2023-08-03 14:38:11 [scrapy.core.scraper] DEBUG: Scraped from <200 https://www.jwst.nasa.gov/content/meetTheTeam/people/vancampen.html>
{'Link': 'https://www.jwst.nasa.gov/content/meetTheTeam/people/vancampen.html'}
2023-08-03 14:38:11 [scrapy.core.scraper] DEBUG: Scraped from <200 https://www.jwst.nasa.gov/content/meetTheTeam/people/straughn.html>
{'Link': 'https://www.jwst.nasa.gov/content/meetTheTeam/people/straughn.html'}
2023-08-03 14:38:11 [scrapy.core.scraper] DEBUG: Scraped from <200 https://www.jwst.nasa.gov/content/meetTheTeam/people/riekeMarcia.html>
{'Link': 'https://www.jwst.nasa.gov/content/meetTheTeam/people/riekeMarcia.html'}
2023-08-03 14:38:11 [scrapy.core.scraper] DEBUG: Scraped from <200 https://www.jwst.nasa.gov/content/meetTheTeam/people/milam.html>
{'Link': 'https://www.jwst.nasa.gov/content/meetTheTeam/people/milam.html'}
2023-08-03 14:38:11 [scrapy.core.scraper] DEBUG: Scraped from <200 https://www.jwst.nasa.gov/content/features/celebrateWebb.html>
{'Link': 'https://www.jwst.nasa.gov/content/features/celebrateWebb.html'}
2023-08-03 14:38:11 [scrapy.core.scraper] DEBUG: Scraped from <200 https://jwst.nasa.gov/content/forPress/index.html>
{'Link': 'https://jwst.nasa.gov/content/forPress/index.html'}
2023-08-03 14:38:11 [scrapy.core.scraper] DEBUG: Scraped from <200 https://www.jwst.nasa.gov/content/features/educational/scopeItOut/scopeitout_transcript.rtf>
{'Link': 'https://www.jwst.nasa.gov/content/features/educational/scopeItOut/scopeitout_transcript.rtf'}
2023-08-03 14:38:11 [scrapy.core.scraper] DEBUG: Scraped from <200 https://jwst.nasa.gov/content/forEducators/formal.html>
{'Link': 'https://jwst.nasa.gov/content/forEducators/formal.html'}
2023-08-03 14:38:11 [scrapy.core.scraper] DEBUG: Scraped from <200 https://jwst.nasa.gov/content/forEducators/informal.html>
{'Link': 'https://jwst.nasa.gov/content/forEducators/informal.html'}
2023-08-03 14:38:11 [scrapy.core.scraper] DEBUG: Scraped from <200 https://jwst.nasa.gov/content/forScientists/publications.html>
{'Link': 'https://jwst.nasa.gov/content/forScientists/publications.html'}
2023-08-03 14:38:11 [scrapy.core.scraper] DEBUG: Scraped from <200 https://jwst.nasa.gov/content/forScientists/presentations.html>
{'Link': 'https://jwst.nasa.gov/content/forScientists/presentations.html'}
2023-08-03 14:38:11 [scrapy.core.scraper] DEBUG: Scraped from <200 https://jwst.nasa.gov/content/forScientists/newsletters.html>
{'Link': 'https://jwst.nasa.gov/content/forScientists/newsletters.html'}
2023-08-03 14:38:11 [scrapy.core.scraper] DEBUG: Scraped from <200 https://jwst.nasa.gov/content/forScientists/faqSolarsystem.html>
{'Link': 'https://jwst.nasa.gov/content/forScientists/faqSolarsystem.html'}
2023-08-03 14:38:11 [scrapy.core.engine] DEBUG: Crawled (200) <GET https://www.jwst.nasa.gov/content/observatory/instruments/fgs.html> (referer: https://www.jwst.nasa.gov/)
2023-08-03 14:38:11 [scrapy.spidermiddlewares.offsite] DEBUG: Filtered offsite request to 'spacemath.gsfc.nasa.gov': <GET https://spacemath.gsfc.nasa.gov/>
2023-08-03 14:38:11 [scrapy.spidermiddlewares.offsite] DEBUG: Filtered offsite request to 'www.scholastic.com': <GET https://www.scholastic.com/nasawebb/index.html>
2023-08-03 14:38:11 [scrapy.spidermiddlewares.offsite] DEBUG: Filtered offsite request to 'ao.osa.org': <GET http://ao.osa.org/abstract.cfm?id=154189>
2023-08-03 14:38:11 [scrapy.spidermiddlewares.offsite] DEBUG: Filtered offsite request to 'www.springerlink.com': <GET http://www.springerlink.com/content/q58315621w03/>
2023-08-03 14:38:11 [scrapy.spidermiddlewares.offsite] DEBUG: Filtered offsite request to 'nasaeclips.arc.nasa.gov': <GET https://nasaeclips.arc.nasa.gov/>
2023-08-03 14:38:11 [scrapy.spidermiddlewares.offsite] DEBUG: Filtered offsite request to 'survey.gsfc.nasa.gov': <GET http://survey.gsfc.nasa.gov/jwst/Talks/>
2023-08-03 14:38:11 [scrapy.spidermiddlewares.offsite] DEBUG: Filtered offsite request to 'jwstinput.wikidot.com': <GET http://jwstinput.wikidot.com>
2023-08-03 14:38:11 [scrapy.core.scraper] DEBUG: Scraped from <200 https://www.jwst.nasa.gov/content/observatory/instruments/fgs.html>
{'Link': 'https://www.jwst.nasa.gov/content/observatory/instruments/fgs.html'}
2023-08-03 14:38:12 [scrapy.core.engine] DEBUG: Crawled (200) <GET https://www.jwst.nasa.gov/content/observatory/sunshield.html> (referer: https://www.jwst.nasa.gov/)
2023-08-03 14:38:12 [scrapy.core.scraper] DEBUG: Scraped from <200 https://www.jwst.nasa.gov/content/observatory/sunshield.html>
{'Link': 'https://www.jwst.nasa.gov/content/observatory/sunshield.html'}
2023-08-03 14:38:12 [scrapy.core.engine] DEBUG: Crawled (200) <GET https://www.jwst.nasa.gov/content/observatory/bus.html> (referer: https://www.jwst.nasa.gov/)
2023-08-03 14:38:12 [scrapy.core.scraper] DEBUG: Scraped from <200 https://www.jwst.nasa.gov/content/observatory/bus.html>
{'Link': 'https://www.jwst.nasa.gov/content/observatory/bus.html'}
2023-08-03 14:38:12 [scrapy.core.engine] DEBUG: Crawled (200) <GET https://www.jwst.nasa.gov/content/features/index.html> (referer: https://www.jwst.nasa.gov/)
2023-08-03 14:38:12 [scrapy.downloadermiddlewares.redirect] DEBUG: Redirecting (302) to <GET http://jwst.nasa.gov/content/forScientists/index.html> from <GET https://jwst.nasa.gov/scientists.html>
2023-08-03 14:38:12 [scrapy.core.scraper] DEBUG: Scraped from <200 https://www.jwst.nasa.gov/content/features/index.html>
{'Link': 'https://www.jwst.nasa.gov/content/features/index.html'}
2023-08-03 14:38:12 [scrapy.downloadermiddlewares.redirect] DEBUG: Redirecting (302) to <GET https://webbtelescope.org/news/first-images/events> from <GET https://www.jwst.nasa.gov/content/webbLaunch/events.html>
2023-08-03 14:38:13 [scrapy.core.engine] DEBUG: Crawled (200) <GET https://www.jwst.nasa.gov/content/features/jwstArt/unfoldTheUniverse.html> (referer: https://www.jwst.nasa.gov/)
2023-08-03 14:38:13 [scrapy.core.scraper] DEBUG: Scraped from <200 https://www.jwst.nasa.gov/content/features/jwstArt/unfoldTheUniverse.html>
{'Link': 'https://www.jwst.nasa.gov/content/features/jwstArt/unfoldTheUniverse.html'}
2023-08-03 14:38:13 [scrapy.core.engine] DEBUG: Crawled (403) <GET https://webbtelescope.org/robots.txt> (referer: None)
2023-08-03 14:38:13 [protego] DEBUG: Rule at line 1 without any user agent to enforce it on.
2023-08-03 14:38:13 [protego] DEBUG: Rule at line 3 without any user agent to enforce it on.
2023-08-03 14:38:13 [protego] DEBUG: Rule at line 16 without any user agent to enforce it on.
2023-08-03 14:38:13 [scrapy.core.engine] DEBUG: Crawled (200) <GET https://www.jwst.nasa.gov/content/features/jwstArt/index.html> (referer: https://www.jwst.nasa.gov/)
2023-08-03 14:38:13 [scrapy.core.scraper] DEBUG: Scraped from <200 https://www.jwst.nasa.gov/content/features/jwstArt/index.html>
{'Link': 'https://www.jwst.nasa.gov/content/features/jwstArt/index.html'}
2023-08-03 14:38:13 [scrapy.core.engine] DEBUG: Crawled (200) <GET https://www.jwst.nasa.gov/content/features/jwstArt/publicArt.html> (referer: https://www.jwst.nasa.gov/)
2023-08-03 14:38:13 [scrapy.core.engine] DEBUG: Crawled (200) <GET https://www.jwst.nasa.gov/content/features/webbSnowflake.html> (referer: https://www.jwst.nasa.gov/)
2023-08-03 14:38:13 [scrapy.core.scraper] DEBUG: Scraped from <200 https://www.jwst.nasa.gov/content/features/jwstArt/publicArt.html>
{'Link': 'https://www.jwst.nasa.gov/content/features/jwstArt/publicArt.html'}
2023-08-03 14:38:14 [scrapy.core.scraper] DEBUG: Scraped from <200 https://www.jwst.nasa.gov/content/features/webbSnowflake.html>
{'Link': 'https://www.jwst.nasa.gov/content/features/webbSnowflake.html'}
2023-08-03 14:38:14 [scrapy.core.engine] DEBUG: Crawled (200) <GET https://www.jwst.nasa.gov/content/features/postcards.html> (referer: https://www.jwst.nasa.gov/)
2023-08-03 14:38:14 [scrapy.core.scraper] DEBUG: Scraped from <200 https://www.jwst.nasa.gov/content/features/postcards.html>
{'Link': 'https://www.jwst.nasa.gov/content/features/postcards.html'}
2023-08-03 14:38:14 [scrapy.core.engine] DEBUG: Crawled (200) <GET https://www.jwst.nasa.gov/content/features/coloringWebb.html> (referer: https://www.jwst.nasa.gov/)
2023-08-03 14:38:14 [scrapy.core.scraper] DEBUG: Scraped from <200 https://www.jwst.nasa.gov/content/features/coloringWebb.html>
{'Link': 'https://www.jwst.nasa.gov/content/features/coloringWebb.html'}
2023-08-03 14:38:14 [scrapy.spidermiddlewares.offsite] DEBUG: Filtered offsite request to 'solarsystem.nasa.gov': <GET https://solarsystem.nasa.gov/news/1573/color-your-universe/>
2023-08-03 14:38:14 [scrapy.core.engine] DEBUG: Crawled (200) <GET https://www.jwst.nasa.gov/content/features/origami.html> (referer: https://www.jwst.nasa.gov/)
2023-08-03 14:38:14 [scrapy.core.scraper] DEBUG: Scraped from <200 https://www.jwst.nasa.gov/content/features/origami.html>
{'Link': 'https://www.jwst.nasa.gov/content/features/origami.html'}
2023-08-03 14:38:14 [scrapy.core.engine] DEBUG: Crawled (200) <GET https://www.jwst.nasa.gov/content/forPress/index.html> (referer: https://www.jwst.nasa.gov/)
2023-08-03 14:38:14 [scrapy.core.scraper] DEBUG: Scraped from <200 https://www.jwst.nasa.gov/content/forPress/index.html>
{'Link': 'https://www.jwst.nasa.gov/content/forPress/index.html'}
2023-08-03 14:38:15 [scrapy.downloadermiddlewares.redirect] DEBUG: Redirecting (302) to <GET http://www.jwst.nasa.gov/content/features/timeLapse.html> from <GET https://www.jwst.nasa.gov/WebbCamClips/index.html>
2023-08-03 14:38:15 [scrapy.downloadermiddlewares.redirect] DEBUG: Redirecting (302) to <GET http://www.jwst.nasa.gov/content/observatory/index.html> from <GET https://www.jwst.nasa.gov/observatory.html>
2023-08-03 14:38:15 [scrapy.downloadermiddlewares.redirect] DEBUG: Redirecting (301) to <GET https://www.jwst.nasa.gov/instruments.html> from <GET http://www.jwst.nasa.gov/instruments.html>
2023-08-03 14:38:15 [scrapy.core.engine] DEBUG: Crawled (403) <GET https://webbtelescope.org/news/first-images/events> (referer: https://www.jwst.nasa.gov/)
2023-08-03 14:38:15 [scrapy.core.engine] DEBUG: Crawled (200) <GET https://jwst.nasa.gov/content/forScientists/faqScientists.html> (referer: https://jwst.nasa.gov/content/forEducators/index.html)
2023-08-03 14:38:16 [scrapy.core.scraper] DEBUG: Scraped from <200 https://jwst.nasa.gov/content/forScientists/faqScientists.html>
{'Link': 'https://jwst.nasa.gov/content/forScientists/faqScientists.html'}
2023-08-03 14:38:16 [scrapy.downloadermiddlewares.redirect] DEBUG: Redirecting (301) to <GET https://www.jwst.nasa.gov/content/features/timeLapse.html> from <GET http://www.jwst.nasa.gov/content/features/timeLapse.html>
2023-08-03 14:38:16 [scrapy.spidermiddlewares.offsite] DEBUG: Filtered offsite request to 'link.springer.com': <GET http://link.springer.com/article/10.1007/s11214-006-8315-7>
2023-08-03 14:38:16 [scrapy.spidermiddlewares.offsite] DEBUG: Filtered offsite request to 'jwst.gsfc.nasa.gov': <GET http://jwst.gsfc.nasa.gov/whois.html>
2023-08-03 14:38:16 [scrapy.spidermiddlewares.offsite] DEBUG: Filtered offsite request to 'archive.stsci.edu': <GET https://archive.stsci.edu/missions-and-data/jwst>
2023-08-03 14:38:16 [scrapy.spidermiddlewares.offsite] DEBUG: Filtered offsite request to 'gcc02.safelinks.protection.outlook.com': <GET https://gcc02.safelinks.protection.outlook.com/?url=https%3A%2F%2Fui.adsabs.harvard.edu%2Fabs%2F2023arXiv230113766B&data=05%7C01%7Cmaggie.masetti%40nasa.gov%7C4ad8564fcb03486939d608db24c4e9f6%7C7005d45845be48ae8140d43da96dd17b%7C0%7C0%7C638144200391524143%7CUnknown%7CTWFpbGZsb3d8eyJWIjoiMC4wLjAwMDAiLCJQIjoiV2luMzIiLCJBTiI6Ik1haWwiLCJXVCI6Mn0%3D%7C3000%7C%7C%7C&sdata=GUreEpHJKyVkG8%2FuseEMoAg%2Br%2BEcXlYXFIr%2BmouQtcg%3D&reserved=0>
2023-08-03 14:38:16 [scrapy.spidermiddlewares.offsite] DEBUG: Filtered offsite request to 'jwst.etc.stsci.edu': <GET https://jwst.etc.stsci.edu/>
2023-08-03 14:38:16 [scrapy.spidermiddlewares.offsite] DEBUG: Filtered offsite request to 'science.hq.nasa.gov': <GET http://science.hq.nasa.gov/strategy/NAC_sci_subcom/astrophysics.html>
2023-08-03 14:38:16 [scrapy.spidermiddlewares.offsite] DEBUG: Filtered offsite request to 'roman.gsfc.nasa.gov': <GET https://roman.gsfc.nasa.gov/>
2023-08-03 14:38:16 [scrapy.downloadermiddlewares.redirect] DEBUG: Redirecting (301) to <GET https://www.jwst.nasa.gov/content/observatory/index.html> from <GET http://www.jwst.nasa.gov/content/observatory/index.html>
2023-08-03 14:38:16 [scrapy.downloadermiddlewares.redirect] DEBUG: Redirecting (302) to <GET http://www.jwst.nasa.gov/content/multimedia/index.html> from <GET https://www.jwst.nasa.gov/multimedia.html>
2023-08-03 14:38:16 [scrapy.downloadermiddlewares.redirect] DEBUG: Redirecting (301) to <GET https://www.jwst.nasa.gov/workinggroup.html> from <GET http://www.jwst.nasa.gov/workinggroup.html>
2023-08-03 14:38:17 [scrapy.downloadermiddlewares.redirect] DEBUG: Redirecting (301) to <GET https://www.jwst.nasa.gov/content/multimedia/index.html> from <GET http://www.jwst.nasa.gov/content/multimedia/index.html>
2023-08-03 14:38:17 [scrapy.downloadermiddlewares.redirect] DEBUG: Redirecting (302) to <GET http://www.jwst.nasa.gov/content/meetTheTeam/workingGroup.html> from <GET https://www.jwst.nasa.gov/workinggroup.html>
2023-08-03 14:38:17 [scrapy.downloadermiddlewares.redirect] DEBUG: Redirecting (301) to <GET https://www.jwst.nasa.gov/content/meetTheTeam/workingGroup.html> from <GET http://www.jwst.nasa.gov/content/meetTheTeam/workingGroup.html>
2023-08-03 14:38:17 [scrapy.core.engine] DEBUG: Crawled (200) <GET https://jwst.nasa.gov/content/forScientists/index.html> (referer: https://jwst.nasa.gov/content/forEducators/index.html)
2023-08-03 14:38:18 [scrapy.core.scraper] DEBUG: Scraped from <200 https://jwst.nasa.gov/content/forScientists/index.html>
{'Link': 'https://jwst.nasa.gov/content/forScientists/index.html'}
2023-08-03 14:38:18 [scrapy.spidermiddlewares.offsite] DEBUG: Filtered offsite request to 'stsci.service-now.com': <GET https://stsci.service-now.com/jwst>
2023-08-03 14:38:18 [scrapy.spidermiddlewares.offsite] DEBUG: Filtered offsite request to 'spie.org': <GET http://spie.org>
2023-08-03 14:38:19 [scrapy.downloadermiddlewares.redirect] DEBUG: Redirecting (302) to <GET http://jwst.nasa.gov/content/meetTheTeam/workingGroup.html> from <GET https://jwst.nasa.gov/workinggroup.html>
2023-08-03 14:38:20 [scrapy.downloadermiddlewares.redirect] DEBUG: Redirecting (301) to <GET https://jwst.nasa.gov/content/forScientists/index.html> from <GET http://jwst.nasa.gov/content/forScientists/index.html>
2023-08-03 14:38:21 [scrapy.downloadermiddlewares.redirect] DEBUG: Redirecting (302) to <GET http://jwst.nasa.gov/content/about/faqs/tweetChat7.html> from <GET https://jwst.nasa.gov/faq_tweetchat7.html>
2023-08-03 14:38:21 [scrapy.downloadermiddlewares.redirect] DEBUG: Redirecting (302) to <GET http://jwst.nasa.gov/content/about/faqs/tweetChat5.html> from <GET https://jwst.nasa.gov/faq_tweetchat5.html>
2023-08-03 14:38:22 [scrapy.downloadermiddlewares.redirect] DEBUG: Redirecting (302) to <GET http://jwst.nasa.gov/content/about/faqs/tweetChat6.html> from <GET https://jwst.nasa.gov/faq_tweetchat6.html>
2023-08-03 14:38:23 [scrapy.downloadermiddlewares.redirect] DEBUG: Redirecting (302) to <GET http://jwst.nasa.gov/content/about/faqs/ama2.html> from <GET https://jwst.nasa.gov/faq_ama2.html>
2023-08-03 14:38:24 [scrapy.downloadermiddlewares.redirect] DEBUG: Redirecting (302) to <GET http://jwst.nasa.gov/content/about/faqs/tweetChat4.html> from <GET https://jwst.nasa.gov/faq_tweetchat4.html>
2023-08-03 14:38:25 [scrapy.downloadermiddlewares.redirect] DEBUG: Redirecting (302) to <GET http://jwst.nasa.gov/content/meetTheTeam/people/clampin.html> from <GET https://jwst.nasa.gov/meet-clampin.html>
2023-08-03 14:38:25 [scrapy.crawler] INFO: Received SIGTERM, shutting down gracefully. Send again to force 
2023-08-03 14:38:25 [scrapy.core.engine] INFO: Closing spider (shutdown)
2023-08-03 14:38:25 [scrapy.downloadermiddlewares.redirect] DEBUG: Redirecting (302) to <GET http://jwst.nasa.gov/content/about/faqs/tweetChat3.html> from <GET https://jwst.nasa.gov/faq_tweetchat3.html>
2023-08-03 14:38:26 [scrapy.downloadermiddlewares.redirect] DEBUG: Redirecting (302) to <GET http://jwst.nasa.gov/content/about/faqs/tweetChat2.html> from <GET https://jwst.nasa.gov/faq_tweetchat2.html>
2023-08-03 14:38:26 [scrapy.downloadermiddlewares.redirect] DEBUG: Redirecting (302) to <GET http://jwst.nasa.gov/content/about/faqs/tweetChat1.html> from <GET https://jwst.nasa.gov/faq_tweetchat1.html>
2023-08-03 14:38:27 [scrapy.downloadermiddlewares.redirect] DEBUG: Redirecting (302) to <GET http://jwst.nasa.gov/content/meetTheTeam/people/mather.html> from <GET https://jwst.nasa.gov/meet-mather.html>
2023-08-03 14:38:28 [scrapy.downloadermiddlewares.redirect] DEBUG: Redirecting (302) to <GET http://jwst.nasa.gov/content/about/faqs/ama1.html> from <GET https://jwst.nasa.gov/faq_ama1.html>
2023-08-03 14:38:29 [scrapy.downloadermiddlewares.redirect] DEBUG: Redirecting (302) to <GET http://jwst.nasa.gov/content/meetTheTeam/people/geithner.html> from <GET https://jwst.nasa.gov/meet-geithner.html>
2023-08-03 14:38:30 [scrapy.downloadermiddlewares.redirect] DEBUG: Redirecting (302) to <GET http://jwst.nasa.gov/content/meetTheTeam/people/feinberg.html> from <GET https://jwst.nasa.gov/meet-feinberg.html>
2023-08-03 14:38:31 [scrapy.downloadermiddlewares.redirect] DEBUG: Redirecting (302) to <GET http://jwst.nasa.gov/content/forScientists/faqSolarsystem.html> from <GET https://jwst.nasa.gov/faq_solarsystem.html>
2023-08-03 14:38:32 [scrapy.downloadermiddlewares.redirect] DEBUG: Redirecting (301) to <GET https://jwst.nasa.gov/content/meetTheTeam/workingGroup.html> from <GET http://jwst.nasa.gov/content/meetTheTeam/workingGroup.html>
2023-08-03 14:38:33 [scrapy.downloadermiddlewares.redirect] DEBUG: Redirecting (302) to <GET http://jwst.nasa.gov/content/forScientists/publications.html> from <GET https://jwst.nasa.gov/publications.html>
2023-08-03 14:38:33 [scrapy.downloadermiddlewares.redirect] DEBUG: Redirecting (301) to <GET https://jwst.nasa.gov/content/about/faqs/tweetChat7.html> from <GET http://jwst.nasa.gov/content/about/faqs/tweetChat7.html>
2023-08-03 14:38:34 [scrapy.downloadermiddlewares.redirect] DEBUG: Redirecting (301) to <GET https://jwst.nasa.gov/content/about/faqs/tweetChat5.html> from <GET http://jwst.nasa.gov/content/about/faqs/tweetChat5.html>
2023-08-03 14:38:35 [scrapy.downloadermiddlewares.redirect] DEBUG: Redirecting (301) to <GET https://jwst.nasa.gov/content/about/faqs/tweetChat6.html> from <GET http://jwst.nasa.gov/content/about/faqs/tweetChat6.html>
2023-08-03 14:38:36 [scrapy.downloadermiddlewares.redirect] DEBUG: Redirecting (301) to <GET https://jwst.nasa.gov/content/about/faqs/ama2.html> from <GET http://jwst.nasa.gov/content/about/faqs/ama2.html>
2023-08-03 14:38:37 [scrapy.downloadermiddlewares.redirect] DEBUG: Redirecting (301) to <GET https://jwst.nasa.gov/content/about/faqs/tweetChat4.html> from <GET http://jwst.nasa.gov/content/about/faqs/tweetChat4.html>
2023-08-03 14:38:38 [scrapy.downloadermiddlewares.redirect] DEBUG: Redirecting (301) to <GET https://jwst.nasa.gov/content/meetTheTeam/people/clampin.html> from <GET http://jwst.nasa.gov/content/meetTheTeam/people/clampin.html>
2023-08-03 14:38:38 [scrapy.extensions.feedexport] INFO: Stored csv feed (79 items) in: ../../../scrapy_urls/james_webb_spider/james_webb_spider_2023-08-03T18-38-03.csv
2023-08-03 14:38:38 [scrapy.statscollectors] INFO: Dumping Scrapy stats:
{'downloader/request_bytes': 55605,
 'downloader/request_count': 200,
 'downloader/request_method_count/GET': 200,
 'downloader/response_bytes': 35851338,
 'downloader/response_count': 200,
 'downloader/response_status_count/200': 82,
 'downloader/response_status_count/301': 55,
 'downloader/response_status_count/302': 59,
 'downloader/response_status_count/403': 2,
 'downloader/response_status_count/404': 2,
 'dupefilter/filtered': 7321,
 'elapsed_time_seconds': 34.497033,
 'feedexport/success_count/FileFeedStorage': 1,
 'finish_reason': 'shutdown',
 'finish_time': datetime.datetime(2023, 8, 3, 18, 38, 38, 329900),
 'httpcache/firsthand': 56,
 'httpcache/hit': 144,
 'httpcache/miss': 56,
 'httpcache/store': 56,
 'item_scraped_count': 79,
 'log_count/DEBUG': 397,
 'log_count/INFO': 12,
 'memusage/max': 65945600,
 'memusage/startup': 65945600,
 'offsite/domains': 110,
 'offsite/filtered': 2430,
 'request_depth_max': 4,
 'response_received_count': 86,
 'robotstxt/request_count': 3,
 'robotstxt/response_count': 3,
 'robotstxt/response_status_count/200': 2,
 'robotstxt/response_status_count/403': 1,
 'scheduler/dequeued': 197,
 'scheduler/dequeued/memory': 197,
 'scheduler/enqueued': 371,
 'scheduler/enqueued/memory': 371,
 'start_time': datetime.datetime(2023, 8, 3, 18, 38, 3, 832867)}
2023-08-03 14:38:38 [scrapy.core.engine] INFO: Spider closed (shutdown)
